2019-08-29 08:40:34.564 [http-bio-8080-exec-10] WARN  o.s.w.s.m.support.DefaultHandlerExceptionResolver - Resolved [org.springframework.web.bind.MissingPathVariableException: Missing URI template variable 'postId' for method parameter of type Long]
2019-08-29 08:42:23.323 [http-bio-8080-exec-5] WARN  o.s.w.s.m.support.DefaultHandlerExceptionResolver - Resolved [org.springframework.web.bind.MissingPathVariableException: Missing URI template variable 'postId' for method parameter of type Long]
2019-08-29 08:46:33.567 [http-bio-8080-exec-4] WARN  o.s.w.s.m.support.DefaultHandlerExceptionResolver - Resolved [org.springframework.web.bind.MissingPathVariableException: Missing URI template variable 'post' for method parameter of type Post]
2019-08-29 08:49:09.093 [http-bio-8080-exec-6] WARN  o.s.w.s.m.support.DefaultHandlerExceptionResolver - Resolved [org.springframework.web.bind.MissingPathVariableException: Missing URI template variable 'post' for method parameter of type Post]
2019-08-29 16:09:02.924 [http-bio-8080-exec-3] WARN  o.s.w.s.m.support.DefaultHandlerExceptionResolver - Resolved [org.springframework.web.HttpRequestMethodNotSupportedException: Request method 'POST' not supported]
2019-08-29 16:10:56.978 [http-bio-8080-exec-4] WARN  o.s.w.s.m.support.DefaultHandlerExceptionResolver - Resolved [org.springframework.web.HttpRequestMethodNotSupportedException: Request method 'POST' not supported]
2019-08-29 16:34:21.145 [http-bio-8080-exec-1] WARN  o.s.web.context.support.XmlWebApplicationContext - Exception encountered during context initialization - cancelling refresh attempt: org.springframework.beans.factory.BeanCreationException: Error creating bean with name 'org.springframework.web.servlet.mvc.method.annotation.RequestMappingHandlerMapping': Invocation of init method failed; nested exception is java.lang.IllegalStateException: Ambiguous mapping. Cannot map 'deptController' method 
public amethyst.vo.AjaxResult amethyst.controller.sys.DeptController.updateDept(amethyst.po.sys.Dept)
to {POST /sys/dept}: There is already 'deptController' bean method
public amethyst.vo.AjaxResult amethyst.controller.sys.DeptController.add(amethyst.po.sys.Dept) mapped.
2019-08-29 16:34:24.075 [http-bio-8080-exec-3] WARN  o.s.web.context.support.XmlWebApplicationContext - Exception encountered during context initialization - cancelling refresh attempt: org.springframework.beans.factory.BeanCreationException: Error creating bean with name 'org.springframework.web.servlet.mvc.method.annotation.RequestMappingHandlerMapping': Invocation of init method failed; nested exception is java.lang.IllegalStateException: Ambiguous mapping. Cannot map 'deptController' method 
public amethyst.vo.AjaxResult amethyst.controller.sys.DeptController.updateDept(amethyst.po.sys.Dept)
to {POST /sys/dept}: There is already 'deptController' bean method
public amethyst.vo.AjaxResult amethyst.controller.sys.DeptController.add(amethyst.po.sys.Dept) mapped.
2019-08-29 16:34:25.438 [http-bio-8080-exec-4] WARN  o.s.web.context.support.XmlWebApplicationContext - Exception encountered during context initialization - cancelling refresh attempt: org.springframework.beans.factory.BeanCreationException: Error creating bean with name 'org.springframework.web.servlet.mvc.method.annotation.RequestMappingHandlerMapping': Invocation of init method failed; nested exception is java.lang.IllegalStateException: Ambiguous mapping. Cannot map 'deptController' method 
public amethyst.vo.AjaxResult amethyst.controller.sys.DeptController.updateDept(amethyst.po.sys.Dept)
to {POST /sys/dept}: There is already 'deptController' bean method
public amethyst.vo.AjaxResult amethyst.controller.sys.DeptController.add(amethyst.po.sys.Dept) mapped.
2019-08-29 16:34:26.949 [http-bio-8080-exec-6] WARN  o.s.web.context.support.XmlWebApplicationContext - Exception encountered during context initialization - cancelling refresh attempt: org.springframework.beans.factory.BeanCreationException: Error creating bean with name 'org.springframework.web.servlet.mvc.method.annotation.RequestMappingHandlerMapping': Invocation of init method failed; nested exception is java.lang.IllegalStateException: Ambiguous mapping. Cannot map 'deptController' method 
public amethyst.vo.AjaxResult amethyst.controller.sys.DeptController.updateDept(amethyst.po.sys.Dept)
to {POST /sys/dept}: There is already 'deptController' bean method
public amethyst.vo.AjaxResult amethyst.controller.sys.DeptController.add(amethyst.po.sys.Dept) mapped.
2019-08-29 16:59:30.682 [http-bio-8080-exec-1] WARN  o.s.web.context.support.XmlWebApplicationContext - Exception encountered during context initialization - cancelling refresh attempt: org.springframework.beans.factory.BeanCreationException: Error creating bean with name 'org.springframework.web.servlet.mvc.method.annotation.RequestMappingHandlerMapping': Invocation of init method failed; nested exception is java.lang.IllegalStateException: Ambiguous mapping. Cannot map 'deptController' method 
public amethyst.vo.AjaxResult amethyst.controller.sys.DeptController.updateDept(amethyst.po.sys.Dept)
to {POST /sys/dept}: There is already 'deptController' bean method
public amethyst.vo.AjaxResult amethyst.controller.sys.DeptController.add(amethyst.po.sys.Dept) mapped.
2019-08-29 16:59:32.248 [http-bio-8080-exec-3] WARN  o.s.web.context.support.XmlWebApplicationContext - Exception encountered during context initialization - cancelling refresh attempt: org.springframework.beans.factory.BeanCreationException: Error creating bean with name 'org.springframework.web.servlet.mvc.method.annotation.RequestMappingHandlerMapping': Invocation of init method failed; nested exception is java.lang.IllegalStateException: Ambiguous mapping. Cannot map 'deptController' method 
public amethyst.vo.AjaxResult amethyst.controller.sys.DeptController.updateDept(amethyst.po.sys.Dept)
to {POST /sys/dept}: There is already 'deptController' bean method
public amethyst.vo.AjaxResult amethyst.controller.sys.DeptController.add(amethyst.po.sys.Dept) mapped.
2019-08-29 16:59:54.740 [http-bio-8080-exec-4] WARN  o.s.web.context.support.XmlWebApplicationContext - Exception encountered during context initialization - cancelling refresh attempt: org.springframework.beans.factory.BeanCreationException: Error creating bean with name 'org.springframework.web.servlet.mvc.method.annotation.RequestMappingHandlerMapping': Invocation of init method failed; nested exception is java.lang.IllegalStateException: Ambiguous mapping. Cannot map 'deptController' method 
public amethyst.vo.AjaxResult amethyst.controller.sys.DeptController.updateDept(amethyst.po.sys.Dept)
to {POST /sys/dept}: There is already 'deptController' bean method
public amethyst.vo.AjaxResult amethyst.controller.sys.DeptController.add(amethyst.po.sys.Dept) mapped.
2019-08-29 16:59:56.095 [http-bio-8080-exec-5] WARN  o.s.web.context.support.XmlWebApplicationContext - Exception encountered during context initialization - cancelling refresh attempt: org.springframework.beans.factory.BeanCreationException: Error creating bean with name 'org.springframework.web.servlet.mvc.method.annotation.RequestMappingHandlerMapping': Invocation of init method failed; nested exception is java.lang.IllegalStateException: Ambiguous mapping. Cannot map 'deptController' method 
public amethyst.vo.AjaxResult amethyst.controller.sys.DeptController.updateDept(amethyst.po.sys.Dept)
to {POST /sys/dept}: There is already 'deptController' bean method
public amethyst.vo.AjaxResult amethyst.controller.sys.DeptController.add(amethyst.po.sys.Dept) mapped.
2019-08-29 17:01:40.423 [http-bio-8080-exec-1] WARN  o.s.web.context.support.XmlWebApplicationContext - Exception encountered during context initialization - cancelling refresh attempt: org.springframework.beans.factory.BeanCreationException: Error creating bean with name 'org.springframework.web.servlet.mvc.method.annotation.RequestMappingHandlerMapping': Invocation of init method failed; nested exception is java.lang.IllegalStateException: Ambiguous mapping. Cannot map 'deptController' method 
public amethyst.vo.AjaxResult amethyst.controller.sys.DeptController.updateDept(amethyst.po.sys.Dept)
to {POST /sys/dept}: There is already 'deptController' bean method
public amethyst.vo.AjaxResult amethyst.controller.sys.DeptController.add(amethyst.po.sys.Dept) mapped.
2019-08-29 17:01:42.081 [http-bio-8080-exec-2] WARN  o.s.web.context.support.XmlWebApplicationContext - Exception encountered during context initialization - cancelling refresh attempt: org.springframework.beans.factory.BeanCreationException: Error creating bean with name 'org.springframework.web.servlet.mvc.method.annotation.RequestMappingHandlerMapping': Invocation of init method failed; nested exception is java.lang.IllegalStateException: Ambiguous mapping. Cannot map 'deptController' method 
public amethyst.vo.AjaxResult amethyst.controller.sys.DeptController.updateDept(amethyst.po.sys.Dept)
to {POST /sys/dept}: There is already 'deptController' bean method
public amethyst.vo.AjaxResult amethyst.controller.sys.DeptController.add(amethyst.po.sys.Dept) mapped.
2019-08-29 17:03:56.403 [http-bio-8080-exec-3] WARN  o.s.web.context.support.XmlWebApplicationContext - Exception encountered during context initialization - cancelling refresh attempt: org.springframework.beans.factory.BeanCreationException: Error creating bean with name 'org.springframework.web.servlet.mvc.method.annotation.RequestMappingHandlerMapping': Invocation of init method failed; nested exception is java.lang.IllegalStateException: Ambiguous mapping. Cannot map 'deptController' method 
public amethyst.vo.AjaxResult amethyst.controller.sys.DeptController.updateDept(amethyst.po.sys.Dept)
to {POST /sys/dept}: There is already 'deptController' bean method
public amethyst.vo.AjaxResult amethyst.controller.sys.DeptController.add(amethyst.po.sys.Dept) mapped.
2019-08-29 17:03:58.491 [http-bio-8080-exec-5] WARN  o.s.web.context.support.XmlWebApplicationContext - Exception encountered during context initialization - cancelling refresh attempt: org.springframework.beans.factory.BeanCreationException: Error creating bean with name 'org.springframework.web.servlet.mvc.method.annotation.RequestMappingHandlerMapping': Invocation of init method failed; nested exception is java.lang.IllegalStateException: Ambiguous mapping. Cannot map 'deptController' method 
public amethyst.vo.AjaxResult amethyst.controller.sys.DeptController.updateDept(amethyst.po.sys.Dept)
to {POST /sys/dept}: There is already 'deptController' bean method
public amethyst.vo.AjaxResult amethyst.controller.sys.DeptController.add(amethyst.po.sys.Dept) mapped.
2019-08-29 17:05:22.050 [http-bio-8080-exec-1] WARN  o.s.web.context.support.XmlWebApplicationContext - Exception encountered during context initialization - cancelling refresh attempt: org.springframework.beans.factory.BeanCreationException: Error creating bean with name 'org.springframework.web.servlet.mvc.method.annotation.RequestMappingHandlerMapping': Invocation of init method failed; nested exception is java.lang.IllegalStateException: Ambiguous mapping. Cannot map 'deptController' method 
public amethyst.vo.AjaxResult amethyst.controller.sys.DeptController.updateDept(amethyst.po.sys.Dept)
to {POST /sys/dept}: There is already 'deptController' bean method
public amethyst.vo.AjaxResult amethyst.controller.sys.DeptController.add(amethyst.po.sys.Dept) mapped.
2019-08-29 17:05:23.809 [http-bio-8080-exec-3] WARN  o.s.web.context.support.XmlWebApplicationContext - Exception encountered during context initialization - cancelling refresh attempt: org.springframework.beans.factory.BeanCreationException: Error creating bean with name 'org.springframework.web.servlet.mvc.method.annotation.RequestMappingHandlerMapping': Invocation of init method failed; nested exception is java.lang.IllegalStateException: Ambiguous mapping. Cannot map 'deptController' method 
public amethyst.vo.AjaxResult amethyst.controller.sys.DeptController.updateDept(amethyst.po.sys.Dept)
to {POST /sys/dept}: There is already 'deptController' bean method
public amethyst.vo.AjaxResult amethyst.controller.sys.DeptController.add(amethyst.po.sys.Dept) mapped.
2019-08-29 17:11:17.932 [http-bio-8080-exec-1] WARN  o.s.web.context.support.XmlWebApplicationContext - Exception encountered during context initialization - cancelling refresh attempt: org.springframework.beans.factory.BeanCreationException: Error creating bean with name 'org.springframework.web.servlet.mvc.method.annotation.RequestMappingHandlerMapping': Invocation of init method failed; nested exception is java.lang.IllegalStateException: Ambiguous mapping. Cannot map 'deptController' method 
public amethyst.vo.AjaxResult amethyst.controller.sys.DeptController.updateDept(amethyst.po.sys.Dept)
to {POST /sys/dept}: There is already 'deptController' bean method
public amethyst.vo.AjaxResult amethyst.controller.sys.DeptController.add(amethyst.po.sys.Dept) mapped.
2019-08-29 17:11:18.402 [http-bio-8080-exec-3] WARN  o.s.web.context.support.XmlWebApplicationContext - Exception encountered during context initialization - cancelling refresh attempt: org.springframework.beans.factory.BeanCreationException: Error creating bean with name 'org.springframework.web.servlet.mvc.method.annotation.RequestMappingHandlerMapping': Invocation of init method failed; nested exception is java.lang.IllegalStateException: Ambiguous mapping. Cannot map 'deptController' method 
public amethyst.vo.AjaxResult amethyst.controller.sys.DeptController.updateDept(amethyst.po.sys.Dept)
to {POST /sys/dept}: There is already 'deptController' bean method
public amethyst.vo.AjaxResult amethyst.controller.sys.DeptController.add(amethyst.po.sys.Dept) mapped.
2019-08-29 19:03:30.361 [http-bio-8080-exec-6] WARN  o.s.w.s.m.support.DefaultHandlerExceptionResolver - Resolved [org.springframework.validation.BindException: org.springframework.validation.BeanPropertyBindingResult: 2 errors
Field error in object 'userDto' on field 'endTime': rejected value []; codes [typeMismatch.userDto.endTime,typeMismatch.endTime,typeMismatch.java.util.Date,typeMismatch]; arguments [org.springframework.context.support.DefaultMessageSourceResolvable: codes [userDto.endTime,endTime]; arguments []; default message [endTime]]; default message [Failed to convert property value of type 'java.lang.String' to required type 'java.util.Date' for property 'endTime'; nested exception is org.springframework.core.convert.ConversionFailedException: Failed to convert from type [java.lang.String] to type [java.util.Date] for value ''; nested exception is java.lang.IllegalArgumentException]
Field error in object 'userDto' on field 'startTime': rejected value []; codes [typeMismatch.userDto.startTime,typeMismatch.startTime,typeMismatch.java.util.Date,typeMismatch]; arguments [org.springframework.context.support.DefaultMessageSourceResolvable: codes [userDto.startTime,startTime]; arguments []; default message [startTime]]; default message [Failed to convert property value of type 'java.lang.String' to required type 'java.util.Date' for property 'startTime'; nested exception is org.springframework.core.convert.ConversionFailedException: Failed to convert from type [java.lang.String] to type [java.util.Date] for value ''; nested exception is java.lang.IllegalArgumentException]]
2019-08-29 19:05:54.483 [http-bio-8080-exec-9] WARN  o.s.w.s.m.support.DefaultHandlerExceptionResolver - Resolved [org.springframework.validation.BindException: org.springframework.validation.BeanPropertyBindingResult: 2 errors
Field error in object 'userDto' on field 'endTime': rejected value []; codes [typeMismatch.userDto.endTime,typeMismatch.endTime,typeMismatch.java.util.Date,typeMismatch]; arguments [org.springframework.context.support.DefaultMessageSourceResolvable: codes [userDto.endTime,endTime]; arguments []; default message [endTime]]; default message [Failed to convert property value of type 'java.lang.String' to required type 'java.util.Date' for property 'endTime'; nested exception is org.springframework.core.convert.ConversionFailedException: Failed to convert from type [java.lang.String] to type [@com.fasterxml.jackson.annotation.JsonFormat java.util.Date] for value ''; nested exception is java.lang.IllegalArgumentException]
Field error in object 'userDto' on field 'startTime': rejected value []; codes [typeMismatch.userDto.startTime,typeMismatch.startTime,typeMismatch.java.util.Date,typeMismatch]; arguments [org.springframework.context.support.DefaultMessageSourceResolvable: codes [userDto.startTime,startTime]; arguments []; default message [startTime]]; default message [Failed to convert property value of type 'java.lang.String' to required type 'java.util.Date' for property 'startTime'; nested exception is org.springframework.core.convert.ConversionFailedException: Failed to convert from type [java.lang.String] to type [@com.fasterxml.jackson.annotation.JsonFormat java.util.Date] for value ''; nested exception is java.lang.IllegalArgumentException]]
2019-08-29 19:14:30.956 [http-bio-8080-exec-10] WARN  o.s.w.s.m.support.DefaultHandlerExceptionResolver - Resolved [org.springframework.validation.BindException: org.springframework.validation.BeanPropertyBindingResult: 2 errors
Field error in object 'userDto' on field 'endTime': rejected value []; codes [typeMismatch.userDto.endTime,typeMismatch.endTime,typeMismatch.java.util.Date,typeMismatch]; arguments [org.springframework.context.support.DefaultMessageSourceResolvable: codes [userDto.endTime,endTime]; arguments []; default message [endTime]]; default message [Failed to convert property value of type 'java.lang.String' to required type 'java.util.Date' for property 'endTime'; nested exception is org.springframework.core.convert.ConversionFailedException: Failed to convert from type [java.lang.String] to type [@com.fasterxml.jackson.annotation.JsonFormat java.util.Date] for value ''; nested exception is java.lang.IllegalArgumentException]
Field error in object 'userDto' on field 'startTime': rejected value []; codes [typeMismatch.userDto.startTime,typeMismatch.startTime,typeMismatch.java.util.Date,typeMismatch]; arguments [org.springframework.context.support.DefaultMessageSourceResolvable: codes [userDto.startTime,startTime]; arguments []; default message [startTime]]; default message [Failed to convert property value of type 'java.lang.String' to required type 'java.util.Date' for property 'startTime'; nested exception is org.springframework.core.convert.ConversionFailedException: Failed to convert from type [java.lang.String] to type [@com.fasterxml.jackson.annotation.JsonFormat java.util.Date] for value ''; nested exception is java.lang.IllegalArgumentException]]
2019-08-29 19:21:25.248 [http-bio-8080-exec-10] WARN  o.s.w.s.m.support.DefaultHandlerExceptionResolver - Resolved [org.springframework.validation.BindException: org.springframework.validation.BeanPropertyBindingResult: 2 errors
Field error in object 'userDto' on field 'endTime': rejected value []; codes [typeMismatch.userDto.endTime,typeMismatch.endTime,typeMismatch.java.util.Date,typeMismatch]; arguments [org.springframework.context.support.DefaultMessageSourceResolvable: codes [userDto.endTime,endTime]; arguments []; default message [endTime]]; default message [Failed to convert property value of type 'java.lang.String' to required type 'java.util.Date' for property 'endTime'; nested exception is org.springframework.core.convert.ConversionFailedException: Failed to convert from type [java.lang.String] to type [@com.fasterxml.jackson.annotation.JsonFormat java.util.Date] for value ''; nested exception is java.lang.IllegalArgumentException]
Field error in object 'userDto' on field 'startTime': rejected value []; codes [typeMismatch.userDto.startTime,typeMismatch.startTime,typeMismatch.java.util.Date,typeMismatch]; arguments [org.springframework.context.support.DefaultMessageSourceResolvable: codes [userDto.startTime,startTime]; arguments []; default message [startTime]]; default message [Failed to convert property value of type 'java.lang.String' to required type 'java.util.Date' for property 'startTime'; nested exception is org.springframework.core.convert.ConversionFailedException: Failed to convert from type [java.lang.String] to type [@com.fasterxml.jackson.annotation.JsonFormat java.util.Date] for value ''; nested exception is java.lang.IllegalArgumentException]]
